0 info it worked if it ends with ok
1 verbose cli [ '/usr/bin/node', '/usr/bin/npm', 'run', 'test' ]
2 info using npm@3.10.10
3 info using node@v6.14.4
4 verbose run-script [ 'pretest', 'test', 'posttest' ]
5 info lifecycle tpc5@1.0.0~pretest: tpc5@1.0.0
6 silly lifecycle tpc5@1.0.0~pretest: no script for pretest, continuing
7 info lifecycle tpc5@1.0.0~test: tpc5@1.0.0
8 verbose lifecycle tpc5@1.0.0~test: unsafe-perm in lifecycle true
9 verbose lifecycle tpc5@1.0.0~test: PATH: /usr/lib/node_modules/npm/bin/node-gyp-bin:/mnt/c/Users/KIKO/Desktop/GIT/EngenhariaInformatica/PLC/PRI/tpc5/node_modules/.bin:/home/kiko/bin:/home/kiko/.local/bin:/usr/local/sbin:/usr/local/bin:/usr/sbin:/usr/bin:/sbin:/bin:/usr/games:/usr/local/games:/mnt/c/PROGRAMAS/Haskell Platform/8.2.2/lib/extralibs/bin:/mnt/c/PROGRAMAS/Haskell Platform/8.2.2/bin:/mnt/c/Program Files (x86)/Intel/iCLS Client:/mnt/c/Program Files/Intel/iCLS Client:/mnt/c/Windows/System32:/mnt/c/Windows:/mnt/c/Windows/System32/wbem:/mnt/c/Windows/System32/WindowsPowerShell/v1.0:/mnt/c/Program Files (x86)/Intel/Intel(R) Management Engine Components/DAL:/mnt/c/Program Files/Intel/Intel(R) Management Engine Components/DAL:/mnt/c/Program Files (x86)/Intel/Intel(R) Management Engine Components/IPT:/mnt/c/Program Files/Intel/Intel(R) Management Engine Components/IPT:/mnt/c/Windows/System32:/mnt/c/Windows:/mnt/c/Windows/System32/wbem:/mnt/c/Windows/System32/WindowsPowerShell/v1.0:/mnt/c/PROGRAMAS/Haskell Platform/8.2.2/mingw/bin:/mnt/c/Program Files/dotnet:/mnt/c/Program Files/Microsoft SQL Server/130/Tools/Binn:/mnt/c/Program Files/Microsoft SQL Server/Client SDK/ODBC/130/Tools/Binn:/mnt/c/Program Files (x86)/Microsoft SQL Server/140/Tools/Binn:/mnt/c/Program Files/Microsoft SQL Server/140/Tools/Binn:/mnt/c/Program Files/Microsoft SQL Server/140/DTS/Binn:/mnt/c/Program Files (x86)/NVIDIA Corporation/Cg/bin:/mnt/c/Program Files (x86)/NVIDIA Corporation/Cg/bin.x64:/mnt/c/Program Files/Git/cmd:/mnt/c/Program Files/RedHat/java-1.8.0-openjdk-1.8.0.161-1/bin:/mnt/c/PROGRAMAS/MiKTeX 2.9/miktex/bin/x64:/mnt/c/Program Files (x86)/Microsoft SQL Server/Client SDK/ODBC/130/Tools/Binn:/mnt/c/Program Files (x86)/Microsoft SQL Server/140/DTS/Binn:/mnt/c/Program Files (x86)/Microsoft SQL Server/140/Tools/Binn/ManagementStudio:/mnt/c/Windows/System32/OpenSSH:/mnt/c/PROGRAMAS/Microsoft VS Code/bin:/mnt/c/Program Files (x86)/NVIDIA Corporation/PhysX/Common:/mnt/c/PROGRAMAS/nodejs:/mnt/c/Program Files/PuTTY:/mnt/c/Users/KIKO/AppData/Roaming/local/bin:/mnt/c/Users/KIKO/AppData/Local/Microsoft/WindowsApps:/mnt/c/PROGRAMAS/Microsoft VS Code/bin:/mnt/c/Users/KIKO/AppData/Roaming/npm:/mnt/c/Users/KIKO/AppData/Local/GitHubDesktop/bin:/snap/bin
10 verbose lifecycle tpc5@1.0.0~test: CWD: /mnt/c/Users/KIKO/Desktop/GIT/EngenhariaInformatica/PLC/PRI/tpc5
11 silly lifecycle tpc5@1.0.0~test: Args: [ '-c', 'node server.js' ]
12 silly lifecycle tpc5@1.0.0~test: Returned: code: 1  signal: null
13 info lifecycle tpc5@1.0.0~test: Failed to exec test script
14 verbose stack Error: tpc5@1.0.0 test: `node server.js`
14 verbose stack Exit status 1
14 verbose stack     at EventEmitter.<anonymous> (/usr/lib/node_modules/npm/lib/utils/lifecycle.js:255:16)
14 verbose stack     at emitTwo (events.js:106:13)
14 verbose stack     at EventEmitter.emit (events.js:191:7)
14 verbose stack     at ChildProcess.<anonymous> (/usr/lib/node_modules/npm/lib/utils/spawn.js:40:14)
14 verbose stack     at emitTwo (events.js:106:13)
14 verbose stack     at ChildProcess.emit (events.js:191:7)
14 verbose stack     at maybeClose (internal/child_process.js:920:16)
14 verbose stack     at Process.ChildProcess._handle.onexit (internal/child_process.js:230:5)
15 verbose pkgid tpc5@1.0.0
16 verbose cwd /mnt/c/Users/KIKO/Desktop/GIT/EngenhariaInformatica/PLC/PRI/tpc5
17 error Linux 4.4.0-17134-Microsoft
18 error argv "/usr/bin/node" "/usr/bin/npm" "run" "test"
19 error node v6.14.4
20 error npm  v3.10.10
21 error code ELIFECYCLE
22 error tpc5@1.0.0 test: `node server.js`
22 error Exit status 1
23 error Failed at the tpc5@1.0.0 test script 'node server.js'.
23 error Make sure you have the latest version of node.js and npm installed.
23 error If you do, this is most likely a problem with the tpc5 package,
23 error not with npm itself.
23 error Tell the author that this fails on your system:
23 error     node server.js
23 error You can get information on how to open an issue for this project with:
23 error     npm bugs tpc5
23 error Or if that isn't available, you can get their info via:
23 error     npm owner ls tpc5
23 error There is likely additional logging output above.
24 verbose exit [ 1, true ]
